Reference extraction log initialized at /u/zgr3et/RFCScope_base/RFCScope/RFCScope/RFCScope_drafts_manual/9886-A/reference_extraction.log

################################################################################
ANALYZING RFC 9886 EXCERPT:
################################################################################
   An example zone file ip6.arpa., run by IANA, is not shown.  It would
   contain NS RRTypes to delegate to a respective RAA.  To avoid any
   future collisions with production deployments an apex of...
################################################################################

################################################################################
ANALYZING RFC 9886 EXCERPT:
################################################################################
   $ORIGIN 5.0.0.0.0.0.e.f.f.3.0.0.1.0.0.2.ip6.example.com.
   7.b.0.a.1.9.e.1.7.5.1.a.0.6.e.5. IN HHIT (
       gwppM2ZmOCAwMDAwWQFGMIIBQjCB9aAD
       AgECAgE1MAUGAytlcDArMSkwJwYDVQQD
       DCAyMDA...
################################################################################

################################################################################
ANALYZING RFC 9886 EXCERPT:
################################################################################
   [
       10,  # Reserved (RAA Auth from DKI)
       "3ff8 0000",
       h'308201423081F5A00302010202013530
       0506032B6570302B312930270603550403
       0C20323030313030336666653030303030
      ...
################################################################################

################################################################################
ANALYZING RFC 9886 EXCERPT:
################################################################################
   Certificate:
       Data:
           Version: 3 (0x2)
           Serial Number: 53 (0x35)
           Signature Algorithm: ED25519
           Issuer: CN = 2001003ffe0000055e60a1571e91a0b7
          ...
################################################################################

################################################################################
ANALYZING RFC 9886 EXCERPT:
################################################################################
   $ORIGIN c.d.f.f.3.0.0.1.0.0.2.ip6.example.com.
   a.0.0. IN NS ns1.hda-10.example.com

                     Figure 12: HDA Delegation Example
################################################################################

################################################################################
ANALYZING RFC 9886 EXCERPT:
################################################################################
   $ORIGIN 5.0.a.0.0.0.e.f.f.3.0.0.1.0.0.2.ip6.example.com.
   0.a.9.0.7.2.4.d.5.4.e.e.5.1.6.6.5.0. IN HHIT (
       gw5pM2ZmOCAwMDBhWQFHMIIBQzCB9qAD
       AgECAgFfMAUGAytlcDArMSkwJwYDVQQD
       DCA...
################################################################################

################################################################################
ANALYZING RFC 9886 EXCERPT:
################################################################################
   [
       14,  # Reserved (HDA Auth from DKI)
       "3ff8 000a",
       h'308201433081F6A00302010202015F30
       0506032B6570302B312930270603550403
       0C20323030313030336666653030303030
      ...
################################################################################

################################################################################
ANALYZING RFC 9886 EXCERPT:
################################################################################
   Certificate:
       Data:
           Version: 3 (0x2)
           Serial Number: 95 (0x5f)
           Signature Algorithm: ED25519
           Issuer: CN = 2001003ffe0000055e60a1571e91a0b7
          ...
################################################################################

################################################################################
ANALYZING RFC 9886 EXCERPT:
################################################################################
   [
       15,  # Reserved (HDA Issue from DKI)
       "3ff8 000a",
       h'308201433081F6A00302010202015830
       0506032B6570302B312930270603550403
       0C20323030313030336666653030306130
     ...
################################################################################

################################################################################
ANALYZING RFC 9886 EXCERPT:
################################################################################
   Certificate:
       Data:
           Version: 3 (0x2)
           Serial Number: 88 (0x58)
           Signature Algorithm: ED25519
           Issuer: CN = 2001003ffe000a056615ee45d42709a0
          ...
################################################################################

################################################################################
ANALYZING RFC 9886 EXCERPT:
################################################################################
   $ORIGIN 5.0.a.0.0.0.e.f.f.3.0.0.1.0.0.2.ip6.example.com.
   2.b.6.c.b.4.a.9.9.6.4.2.8.0.3.1. IN HHIT (
       gxJpM2ZmOCAwMDBhWQEYMIIBFDCBx6AD
       AgECAgFUMAUGAytlcDArMSkwJwYDVQQD
       DCAyMDA...
################################################################################

################################################################################
ANALYZING RFC 9886 EXCERPT:
################################################################################
   [
       18,  # Uncrewed Aircraft System (UAS)
       "3ff8 000a",
       h'308201143081C7A00302010202015430
       0506032B6570302B312930270603550403
       0C20323030313030336666653030306130
    ...
################################################################################

################################################################################
ANALYZING RFC 9886 EXCERPT:
################################################################################
   Certificate:
       Data:
           Version: 3 (0x2)
           Serial Number: 84 (0x54)
           Signature Algorithm: ED25519
           Issuer: CN = 2001003ffe000a05260ed4376b256e28
          ...
################################################################################

################################################################################
ANALYZING RFC 9886 EXCERPT:
################################################################################
   {
       0: 0,
       1: [4, h'012001003FFE000A05130824699A4BC6B2'],
       2: [
           5,
           h'01FADEF6670AEDF6672001003FFE0000
           055E60A1571E91A0B79990D5B04B72A180
          ...
################################################################################

################################################################################
ANALYZING RFC 9886 EXCERPT:
################################################################################
        Figure 21: 2001:3f:fe00:a05:1308:2469:9a4b:c6b2 Decoded BRID
                                RRType CBOR

################################################################################
